\BOOKMARK [0][-]{chapter*.2}{\376\377\000S\000o\000m\000e\000\040\000n\000o\000t\000e\000s\000\040\000t\000o\000\040\000t\000h\000e\000\040\000n\000o\000t\000a\000t\000i\000o\000n}{}% 1
\BOOKMARK [0][-]{chapter*.3}{\376\377\000I\000n\000t\000r\000o\000d\000u\000c\000t\000i\000o\000n}{}% 2
\BOOKMARK [0][-]{chapter.1}{\376\377\000M\000o\000t\000i\000v\000a\000t\000i\000o\000n}{}% 3
\BOOKMARK [0][-]{chapter.2}{\376\377\000M\000a\000t\000h\000e\000m\000a\000t\000i\000c\000a\000l\000\040\000i\000n\000t\000r\000o\000d\000u\000c\000t\000i\000o\000n}{}% 4
\BOOKMARK [1][-]{section.2.1}{\376\377\000P\000u\000l\000l\000-\000b\000a\000c\000k\000\040\000a\000n\000d\000\040\000p\000u\000s\000h\000\040\000f\000o\000r\000w\000a\000r\000d}{chapter.2}% 5
\BOOKMARK [1][-]{section.2.2}{\376\377\000C\000o\000v\000a\000r\000i\000a\000n\000t\000\040\000d\000e\000r\000i\000v\000a\000t\000i\000v\000e\000\040\000a\000n\000d\000\040\000p\000a\000r\000a\000l\000l\000e\000l\000\040\000t\000r\000a\000n\000s\000p\000o\000r\000t}{chapter.2}% 6
\BOOKMARK [1][-]{section.2.3}{\376\377\000A\000n\000t\000i\000s\000y\000m\000m\000e\000t\000r\000i\000c\000\040\000t\000e\000n\000s\000o\000r\000s\000\040\000a\000n\000d\000\040\000w\000e\000d\000g\000e\000\040\000p\000r\000o\000d\000u\000c\000t}{chapter.2}% 7
\BOOKMARK [0][-]{chapter.3}{\376\377\000P\000h\000y\000s\000i\000c\000a\000l\000\040\000i\000n\000t\000r\000o\000d\000u\000c\000t\000i\000o\000n}{}% 8
\BOOKMARK [1][-]{section.3.1}{\376\377\000G\000a\000u\000g\000e\000\040\000p\000o\000t\000e\000n\000t\000i\000a\000l\000s}{chapter.3}% 9
\BOOKMARK [1][-]{section.3.2}{\376\377\000C\000l\000a\000s\000s\000i\000c\000a\000l\000\040\000g\000a\000u\000g\000e\000\040\000p\000o\000t\000e\000n\000t\000i\000a\000l}{chapter.3}% 10
\BOOKMARK [1][-]{section.3.3}{\376\377\000Q\000u\000a\000n\000t\000u\000m\000\040\000g\000a\000u\000g\000e\000\040\000p\000o\000t\000e\000n\000t\000i\000a\000l}{chapter.3}% 11
\BOOKMARK [1][-]{section.3.4}{\376\377\000A\000d\000i\000a\000b\000a\000t\000i\000c\000\040\000g\000a\000u\000g\000e\000\040\000p\000o\000t\000e\000n\000t\000i\000a\000l}{chapter.3}% 12
\BOOKMARK [2][-]{subsection.3.4.1}{\376\377\000A\000d\000i\000a\000b\000a\000t\000i\000c\000\040\000p\000o\000t\000e\000n\000t\000i\000a\000l}{section.3.4}% 13
\BOOKMARK [2][-]{subsection.3.4.2}{\376\377\000A\000d\000i\000a\000b\000a\000t\000i\000c\000\040\000t\000r\000a\000n\000s\000f\000o\000r\000m\000a\000t\000i\000o\000n}{section.3.4}% 14
\BOOKMARK [0][-]{chapter*.4}{\376\377\000C\000o\000n\000c\000l\000u\000s\000i\000o\000n}{}% 15
\BOOKMARK [0][-]{chapter*.5}{\376\377\000B\000i\000b\000l\000i\000o\000g\000r\000a\000p\000h\000y}{}% 16
\BOOKMARK [0][-]{chapter*.6}{\376\377\000L\000i\000s\000t\000\040\000o\000f\000\040\000F\000i\000g\000u\000r\000e\000s}{}% 17
\BOOKMARK [0][-]{chapter*.7}{\376\377\000L\000i\000s\000t\000\040\000o\000f\000\040\000T\000a\000b\000l\000e\000s}{}% 18
\BOOKMARK [0][-]{chapter*.8}{\376\377\000L\000i\000s\000t\000\040\000o\000f\000\040\000A\000b\000b\000r\000e\000v\000i\000a\000t\000i\000o\000n\000s}{}% 19
\BOOKMARK [0][-]{appendix.A}{\376\377\000A\000t\000t\000a\000c\000h\000m\000e\000n\000t\000s}{}% 20
\BOOKMARK [1][-]{section.A.1}{\376\377\000F\000i\000r\000s\000t\000\040\000A\000t\000t\000a\000c\000h\000m\000e\000n\000t}{appendix.A}% 21
