\BOOKMARK [0][-]{chapter*.2}{\376\377\000S\000o\000m\000e\000\040\000n\000o\000t\000e\000s\000\040\000t\000o\000\040\000t\000h\000e\000\040\000n\000o\000t\000a\000t\000i\000o\000n}{}% 1
\BOOKMARK [0][-]{chapter*.3}{\376\377\000I\000n\000t\000r\000o\000d\000u\000c\000t\000i\000o\000n}{}% 2
\BOOKMARK [0][-]{chapter.1}{\376\377\000M\000a\000t\000h\000e\000m\000a\000t\000i\000c\000a\000l\000\040\000i\000n\000t\000r\000o\000d\000u\000c\000t\000i\000o\000n}{}% 3
\BOOKMARK [1][-]{section.1.1}{\376\377\000F\000i\000b\000e\000r\000\040\000b\000u\000n\000d\000l\000e}{chapter.1}% 4
\BOOKMARK [1][-]{section.1.2}{\376\377\000V\000e\000c\000t\000o\000r\000\040\000B\000u\000n\000d\000l\000e}{chapter.1}% 5
\BOOKMARK [2][-]{subsection.1.2.1}{\376\377\000C\000o\000n\000n\000e\000c\000t\000i\000o\000n\000\040\000o\000n\000\040\000v\000e\000c\000t\000o\000r\000\040\000b\000u\000n\000d\000l\000e\000s}{section.1.2}% 6
\BOOKMARK [2][-]{subsection.1.2.2}{\376\377\000M\000e\000t\000r\000i\000c\000\040\000o\000n\000\040\000v\000e\000c\000t\000o\000r\000\040\000b\000u\000n\000d\000l\000e\000s}{section.1.2}% 7
\BOOKMARK [1][-]{section.1.3}{\376\377\000S\000e\000c\000t\000i\000o\000n}{chapter.1}% 8
\BOOKMARK [1][-]{section.1.4}{\376\377\000P\000u\000l\000l\000-\000b\000a\000c\000k\000\040\000a\000n\000d\000\040\000p\000u\000s\000h\000\040\000f\000o\000r\000w\000a\000r\000d}{chapter.1}% 9
\BOOKMARK [1][-]{section.1.5}{\376\377\000C\000o\000v\000a\000r\000i\000a\000n\000t\000\040\000d\000e\000r\000i\000v\000a\000t\000i\000v\000e\000\040\000a\000n\000d\000\040\000p\000a\000r\000a\000l\000l\000e\000l\000\040\000t\000r\000a\000n\000s\000p\000o\000r\000t}{chapter.1}% 10
\BOOKMARK [1][-]{section.1.6}{\376\377\000P\000a\000r\000a\000l\000l\000e\000l\000\040\000t\000r\000a\000n\000s\000p\000o\000r\000t\000\040\000o\000n\000\040\000v\000e\000c\000t\000o\000r\000\040\000b\000u\000n\000d\000l\000e\000s}{chapter.1}% 11
\BOOKMARK [1][-]{section.1.7}{\376\377\000A\000n\000t\000i\000s\000y\000m\000m\000e\000t\000r\000i\000c\000\040\000t\000e\000n\000s\000o\000r\000s\000\040\000a\000n\000d\000\040\000w\000e\000d\000g\000e\000\040\000p\000r\000o\000d\000u\000c\000t}{chapter.1}% 12
\BOOKMARK [1][-]{section.1.8}{\376\377\000G\000e\000o\000m\000e\000t\000r\000y\000\040\000i\000n\000\040\0002\000\040\000d\000i\000m\000e\000n\000s\000i\000o\000n\000s}{chapter.1}% 13
\BOOKMARK [1][-]{section.1.9}{\376\377\000R\000i\000e\000m\000a\000n\000n\000i\000a\000n\000\040\000g\000e\000o\000m\000e\000t\000r\000y\000\040\000d\000e\000f\000i\000n\000i\000t\000i\000o\000n\000s}{chapter.1}% 14
\BOOKMARK [1][-]{section.1.10}{\376\377\000R\000i\000e\000m\000a\000n\000n\000i\000a\000n\000\040\000g\000e\000o\000m\000e\000t\000r\000y\000\040\000t\000h\000e\000o\000r\000e\000m\000s}{chapter.1}% 15
\BOOKMARK [0][-]{chapter.2}{\376\377\000P\000h\000y\000s\000i\000c\000a\000l\000\040\000i\000n\000t\000r\000o\000d\000u\000c\000t\000i\000o\000n}{}% 16
\BOOKMARK [1][-]{section.2.1}{\376\377\000T\000r\000a\000n\000s\000p\000o\000r\000t\000i\000n\000g\000\040\000s\000t\000a\000t\000e\000s}{chapter.2}% 17
\BOOKMARK [1][-]{section.2.2}{\376\377\000M\000e\000t\000r\000i\000c\000\040\000a\000n\000d\000\040\000g\000e\000o\000m\000e\000t\000r\000i\000c\000\040\000t\000e\000n\000s\000o\000r}{chapter.2}% 18
\BOOKMARK [2][-]{subsection.2.2.1}{\376\377\000D\000e\000r\000i\000v\000a\000t\000i\000o\000n\000\040\000o\000f\000\040\000t\000h\000e\000\040\000g\000e\000o\000m\000e\000t\000r\000i\000c\000\040\000t\000e\000n\000s\000o\000r}{section.2.2}% 19
\BOOKMARK [1][-]{section.2.3}{\376\377\000A\000d\000i\000a\000b\000a\000t\000i\000c\000i\000t\000y}{chapter.2}% 20
\BOOKMARK [2][-]{subsection.2.3.1}{\376\377\000S\000l\000o\000w\000\040\000t\000r\000a\000n\000s\000p\000o\000r\000t\000s}{section.2.3}% 21
\BOOKMARK [1][-]{section.2.4}{\376\377\000G\000a\000u\000g\000e\000\040\000p\000o\000t\000e\000n\000t\000i\000a\000l\000s}{chapter.2}% 22
\BOOKMARK [2][-]{subsection.2.4.1}{\376\377\000C\000l\000a\000s\000s\000i\000c\000a\000l\000\040\000g\000a\000u\000g\000e\000\040\000p\000o\000t\000e\000n\000t\000i\000a\000l}{section.2.4}% 23
\BOOKMARK [2][-]{subsection.2.4.2}{\376\377\000Q\000u\000a\000n\000t\000u\000m\000\040\000g\000a\000u\000g\000e\000\040\000p\000o\000t\000e\000n\000t\000i\000a\000l}{section.2.4}% 24
\BOOKMARK [2][-]{subsection.2.4.3}{\376\377\000A\000d\000i\000a\000b\000a\000t\000i\000c\000\040\000g\000a\000u\000g\000e\000\040\000p\000o\000t\000e\000n\000t\000i\000a\000l}{section.2.4}% 25
\BOOKMARK [1][-]{section.2.5}{\376\377\000C\000o\000u\000n\000t\000e\000r\000-\000d\000i\000a\000b\000a\000t\000i\000c\000\040\000d\000r\000i\000v\000i\000n\000g}{chapter.2}% 26
\BOOKMARK [2][-]{subsection.2.5.1}{\376\377\000E\000x\000p\000l\000i\000c\000i\000t\000\040\000f\000o\000r\000m}{section.2.5}% 27
\BOOKMARK [1][-]{section.2.6}{\376\377\000B\000e\000r\000r\000y\000\040\000p\000h\000a\000s\000e\000\040\000a\000n\000d\000\040\000c\000u\000r\000v\000a\000t\000u\000r\000e}{chapter.2}% 28
\BOOKMARK [1][-]{section.2.7}{\376\377\000A\000p\000p\000r\000o\000x\000i\000m\000a\000t\000i\000o\000n\000s\000\040\000o\000f\000\040\000a\000d\000i\000a\000b\000a\000t\000i\000c\000\040\000p\000o\000t\000e\000n\000t\000i\000a\000l\000s}{chapter.2}% 29
\BOOKMARK [2][-]{subsection.2.7.1}{\376\377\000V\000a\000r\000i\000a\000t\000i\000o\000n\000a\000l\000\040\000m\000e\000t\000h\000o\000d\000s}{section.2.7}% 30
\BOOKMARK [0][-]{chapter.3}{\376\377\000G\000e\000o\000d\000e\000s\000i\000c\000s}{}% 31
\BOOKMARK [0][-]{chapter.4}{\376\377\000S\000p\000i\000n\000\040\0001\000/\0002}{}% 32
\BOOKMARK [1][-]{section.4.1}{\376\377\000S\000p\000e\000c\000i\000a\000l\000\040\000c\000a\000s\000e}{chapter.4}% 33
\BOOKMARK [0][-]{chapter.5}{\376\377\000L\000i\000p\000k\000i\000n\000-\000M\000e\000s\000h\000k\000o\000v\000\040\000G\000l\000i\000c\000k\000\040\000m\000o\000d\000e\000l}{}% 34
\BOOKMARK [1][-]{section.5.1}{\376\377\000H\000a\000m\000i\000l\000t\000o\000n\000i\000a\000n\000\040\000a\000n\000a\000l\000y\000s\000i\000s}{chapter.5}% 35
\BOOKMARK [2][-]{subsection.5.1.1}{\376\377\000C\000a\000s\000e\000\040\000N\000=\0003}{section.5.1}% 36
\BOOKMARK [1][-]{section.5.2}{\376\377\000L\000i\000m\000i\000t\000\040\000N\041\222\042\036}{chapter.5}% 37
\BOOKMARK [1][-]{section.5.3}{\376\377\000A\000r\000b\000i\000t\000r\000a\000r\000y\000\040\000N}{chapter.5}% 38
\BOOKMARK [0][-]{chapter*.27}{\376\377\000C\000o\000n\000c\000l\000u\000s\000i\000o\000n}{}% 39
\BOOKMARK [0][-]{chapter*.28}{\376\377\000B\000i\000b\000l\000i\000o\000g\000r\000a\000p\000h\000y}{}% 40
\BOOKMARK [0][-]{chapter*.29}{\376\377\000L\000i\000s\000t\000\040\000o\000f\000\040\000F\000i\000g\000u\000r\000e\000s}{}% 41
\BOOKMARK [0][-]{appendix.A}{\376\377\000A\000p\000p\000e\000n\000d\000i\000x\000\040\0001}{}% 42
\BOOKMARK [0][-]{appendix.B}{\376\377\000A\000t\000t\000a\000c\000h\000m\000e\000n\000t\000s}{}% 43
\BOOKMARK [1][-]{section.B.1}{\376\377\000F\000i\000r\000s\000t\000\040\000A\000t\000t\000a\000c\000h\000m\000e\000n\000t}{appendix.B}% 44
