This is pdfTeX, Version 3.141592653-2.6-1.40.23 (TeX Live 2021/Arch Linux) (preloaded format=pdflatex 2022.2.10)  11 MAR 2022 15:14
entering extended mode
 restricted \write18 enabled.
 file:line:error style messages enabled.
 %&-line parsing enabled.
**/home/strelda/Documents/mff/dp/dp_text/en/thesis.tex
(/home/strelda/Documents/mff/dp/dp_text/en/thesis.tex
LaTeX2e <2021-11-15> patch level 1
L3 programming layer <2021-11-22> (/usr/share/texmf-dist/tex/latex/base/report.cls
Document Class: report 2021/10/04 v1.4n Standard LaTeX document class
(/usr/share/texmf-dist/tex/latex/base/size12.clo
File: size12.clo 2021/10/04 v1.4n Standard LaTeX file (size option)
)
\c@part=\count183
\c@chapter=\count184
\c@section=\count185
\c@subsection=\count186
\c@subsubsection=\count187
\c@paragraph=\count188
\c@subparagraph=\count189
\c@figure=\count190
\c@table=\count191
\abovecaptionskip=\skip47
\belowcaptionskip=\skip48
\bibindent=\dimen138
) (/usr/share/texmf-dist/tex/latex/pdfx/pdfx.sty
Package: pdfx 2019/02/27 v1.6.3 PDF/X and PDF/A support (CVR/HTH/RRM/PS)
\pdfx@minorversion=\count192
 (/usr/share/texmf-dist/tex/generic/iftex/iftex.sty
Package: iftex 2020/03/06 v1.0d TeX engine tests
) (/usr/share/texmf-dist/tex/generic/iftex/ifpdf.sty
Package: ifpdf 2019/10/25 v3.4 ifpdf legacy package. Use iftex instead.
) (/usr/share/texmf-dist/tex/generic/iftex/ifxetex.sty
Package: ifxetex 2019/10/25 v0.7 ifxetex legacy package. Use iftex instead.
) (/usr/share/texmf-dist/tex/latex/everyshi/everyshi.sty
Package: everyshi 2020/11/18 v4.00 EveryShipout Package
) (/usr/share/texmf-dist/tex/generic/iftex/ifluatex.sty
Package: ifluatex 2019/10/25 v1.5 ifluatex legacy package. Use iftex instead.
){/var/lib/texmf/fonts/map/pdftex/updmap/pdftex.map} (/usr/share/texmf-dist/tex/latex/base/inputenc.sty
Package: inputenc 2021/02/14 v1.3d Input encoding file
\inpenc@prehook=\toks16
\inpenc@posthook=\toks17
) (/usr/share/texmf-dist/tex/latex/pdfx/l8u-penc.def
File: l8u-penc.def 2017/06/23 v0.8 Custom LaTeX file, for UTF8 encoded letters and symbols
LaTeX Info: Composite with undeclared \b in encoding L8U on input line 278.
)
\pdfxsafeforxmp@toks=\toks18
 (/usr/share/texmf-dist/tex/latex/xcolor/xcolor.sty
Package: xcolor 2021/10/31 v2.13 LaTeX color extensions (UK)
 (/usr/share/texmf-dist/tex/latex/graphics-cfg/color.cfg
File: color.cfg 2016/01/02 v1.6 sample color configuration
)
Package xcolor Info: Driver file: pdftex.def on input line 227.
 (/usr/share/texmf-dist/tex/latex/graphics-def/pdftex.def
File: pdftex.def 2020/10/05 v1.2a Graphics/color driver for pdftex
)
Package xcolor Info: Model `cmy' substituted by `cmy0' on input line 1352.
Package xcolor Info: Model `hsb' substituted by `rgb' on input line 1356.
Package xcolor Info: Model `RGB' extended on input line 1368.
Package xcolor Info: Model `HTML' substituted by `rgb' on input line 1370.
Package xcolor Info: Model `Hsb' substituted by `hsb' on input line 1371.
Package xcolor Info: Model `tHsb' substituted by `hsb' on input line 1372.
Package xcolor Info: Model `HSB' substituted by `hsb' on input line 1373.
Package xcolor Info: Model `Gray' substituted by `gray' on input line 1374.
Package xcolor Info: Model `wave' substituted by `hsb' on input line 1375.
)
\pdfx@tmptoks=\toks19
 (/usr/share/texmf-dist/tex/latex/hyperref/hyperref.sty
Package: hyperref 2021-06-07 v7.00m Hypertext links for LaTeX
 (/usr/share/texmf-dist/tex/generic/ltxcmds/ltxcmds.sty
Package: ltxcmds 2020-05-10 v1.25 LaTeX kernel commands for general use (HO)
) (/usr/share/texmf-dist/tex/generic/pdftexcmds/pdftexcmds.sty
Package: pdftexcmds 2020-06-27 v0.33 Utility functions of pdfTeX for LuaTeX (HO)
 (/usr/share/texmf-dist/tex/generic/infwarerr/infwarerr.sty
Package: infwarerr 2019/12/03 v1.5 Providing info/warning/error messages (HO)
)
Package pdftexcmds Info: \pdf@primitive is available.
Package pdftexcmds Info: \pdf@ifprimitive is available.
Package pdftexcmds Info: \pdfdraftmode found.
) (/usr/share/texmf-dist/tex/latex/graphics/keyval.sty
Package: keyval 2014/10/28 v1.15 key=value parser (DPC)
\KV@toks@=\toks20
) (/usr/share/texmf-dist/tex/generic/kvsetkeys/kvsetkeys.sty
Package: kvsetkeys 2019/12/15 v1.18 Key value parser (HO)
) (/usr/share/texmf-dist/tex/generic/kvdefinekeys/kvdefinekeys.sty
Package: kvdefinekeys 2019-12-19 v1.6 Define keys (HO)
) (/usr/share/texmf-dist/tex/generic/pdfescape/pdfescape.sty
Package: pdfescape 2019/12/09 v1.15 Implements pdfTeX's escape features (HO)
) (/usr/share/texmf-dist/tex/latex/hycolor/hycolor.sty
Package: hycolor 2020-01-27 v1.10 Color options for hyperref/bookmark (HO)
) (/usr/share/texmf-dist/tex/latex/letltxmacro/letltxmacro.sty
Package: letltxmacro 2019/12/03 v1.6 Let assignment for LaTeX macros (HO)
) (/usr/share/texmf-dist/tex/latex/auxhook/auxhook.sty
Package: auxhook 2019-12-17 v1.6 Hooks for auxiliary files (HO)
) (/usr/share/texmf-dist/tex/latex/kvoptions/kvoptions.sty
Package: kvoptions 2020-10-07 v3.14 Key value format for package options (HO)
)
\@linkdim=\dimen139
\Hy@linkcounter=\count193
\Hy@pagecounter=\count194
 (/usr/share/texmf-dist/tex/latex/hyperref/pd1enc.def
File: pd1enc.def 2021-06-07 v7.00m Hyperref: PDFDocEncoding definition (HO)
) (/usr/share/texmf-dist/tex/latex/hyperref/hyperref-langpatches.def
File: hyperref-langpatches.def 2021-06-07 v7.00m Hyperref: patches for babel languages
) (/usr/share/texmf-dist/tex/generic/intcalc/intcalc.sty
Package: intcalc 2019/12/15 v1.3 Expandable calculations with integers (HO)
) (/usr/share/texmf-dist/tex/generic/etexcmds/etexcmds.sty
Package: etexcmds 2019/12/15 v1.7 Avoid name clashes with e-TeX commands (HO)
)
\Hy@SavedSpaceFactor=\count195
 (/usr/share/texmf-dist/tex/latex/hyperref/puenc.def
File: puenc.def 2021-06-07 v7.00m Hyperref: PDF Unicode definition (HO)
)
Package hyperref Info: Option `pdfa' set `true' on input line 4073.
Package hyperref Info: Hyper figures OFF on input line 4192.
Package hyperref Info: Link nesting OFF on input line 4197.
Package hyperref Info: Hyper index ON on input line 4200.
Package hyperref Info: Plain pages OFF on input line 4207.
Package hyperref Info: Backreferencing OFF on input line 4212.
Package hyperref Info: Implicit mode ON; LaTeX internals redefined.
Package hyperref Info: Bookmarks ON on input line 4445.
\c@Hy@tempcnt=\count196
 (/usr/share/texmf-dist/tex/latex/url/url.sty
\Urlmuskip=\muskip16
Package: url 2013/09/16  ver 3.4  Verb mode for urls, etc.
)
LaTeX Info: Redefining \url on input line 4804.
\XeTeXLinkMargin=\dimen140
 (/usr/share/texmf-dist/tex/generic/bitset/bitset.sty
Package: bitset 2019/12/09 v1.3 Handle bit-vector datatype (HO)
 (/usr/share/texmf-dist/tex/generic/bigintcalc/bigintcalc.sty
Package: bigintcalc 2019/12/15 v1.5 Expandable calculations on big integers (HO)
))
\Fld@menulength=\count197
\Field@Width=\dimen141
\Fld@charsize=\dimen142
Package hyperref Info: Hyper figures OFF on input line 6076.
Package hyperref Info: Link nesting OFF on input line 6081.
Package hyperref Info: Hyper index ON on input line 6084.
Package hyperref Info: backreferencing OFF on input line 6091.
Package hyperref Info: Link coloring OFF on input line 6096.
Package hyperref Info: Link coloring with OCG OFF on input line 6101.
Package hyperref Info: PDF/A mode ON on input line 6104.
LaTeX Info: Redefining \ref on input line 6146.
LaTeX Info: Redefining \pageref on input line 6150.
 (/usr/share/texmf-dist/tex/latex/base/atbegshi-ltx.sty
Package: atbegshi-ltx 2021/01/10 v1.0c Emulation of the original atbegshi
package with kernel methods
)
\Hy@abspage=\count198
\c@Item=\count199
\c@Hfootnote=\count266
)
Package hyperref Info: Driver: hpdftex.
 (/usr/share/texmf-dist/tex/latex/hyperref/hpdftex.def
File: hpdftex.def 2021-06-07 v7.00m Hyperref driver for pdfTeX
 (/usr/share/texmf-dist/tex/latex/base/atveryend-ltx.sty
Package: atveryend-ltx 2020/08/19 v1.0a Emulation of the original atveryend package
with kernel methods
)
\Fld@listcount=\count267
\c@bookmark@seq@number=\count268
 (/usr/share/texmf-dist/tex/latex/rerunfilecheck/rerunfilecheck.sty
Package: rerunfilecheck 2019/12/05 v1.9 Rerun checks for auxiliary files (HO)
 (/usr/share/texmf-dist/tex/generic/uniquecounter/uniquecounter.sty
Package: uniquecounter 2019/12/15 v1.4 Provide unlimited unique counter (HO)
)
Package uniquecounter Info: New unique counter `rerunfilecheck' on input line 286.
)
\Hy@SectionHShift=\skip49
)
Package hyperref Info: Option `unicode' set `true' on input line 1463.
 (/usr/share/texmf-dist/tex/generic/stringenc/stringenc.sty
Package: stringenc 2019/11/29 v1.12 Convert strings between diff. encodings (HO)
)
Package hyperref Info: Option `psdextra' set `true' on input line 1465.
 (/usr/share/texmf-dist/tex/latex/hyperref/puenc-greekbasic.def
File: puenc-greekbasic.def 2021-06-07 v7.00m Hyperref: PDF Unicode definition (greek block) (HO)
) (/usr/share/texmf-dist/tex/latex/hyperref/psdextra.def
File: psdextra.def 2021-06-07 v7.00m Hyperref: Additions to PDF string support
) (/usr/share/texmf-dist/tex/generic/colorprofiles/colorprofiles.sty
Package: colorprofiles 2018/11/01 v1.0.1 color profiles for PDF/X and PDF/A support
 (/usr/share/texmf-dist/tex/generic/colorprofiles/colorprofiles.tex)) (/usr/share/texmf-dist/tex/generic/stringenc/se-pdfdoc.def
File: se-pdfdoc.def 2019/11/29 v1.12 stringenc: PDFDocEncoding
) (/usr/share/texmf-dist/tex/latex/pdfx/AdobeColorProfiles.tex) (/usr/share/texmf-dist/tex/latex/pdfx/8bit.def
File: 8bit.def 2008/03/30 v1.1d Input encoding file
)
** pdfx: Metadata file thesis.xmpdata read successfully.
(./thesis.xmpdata)<<sRGB.icc>> (/usr/share/texmf-dist/tex/latex/pdfx/8bit.def
File: 8bit.def 2008/03/30 v1.1d Input encoding file
) (/usr/share/texmf-dist/tex/latex/pdfx/8bit.def
File: 8bit.def 2008/03/30 v1.1d Input encoding file
) (/usr/share/texmf-dist/tex/generic/stringenc/se-utf8.def
File: se-utf8.def 2019/11/29 v1.12 stringenc: UTF-8
) (/usr/share/texmf-dist/tex/latex/pdfx/8bit.def
File: 8bit.def 2008/03/30 v1.1d Input encoding file
)
Package hyperref Info: Option `unicode' set `true' on input line 2411.
Package hyperref Info: Option `unicode' set `true' on input line 2412.
 (/usr/share/texmf-dist/tex/latex/pdfx/8bit.def
File: 8bit.def 2008/03/30 v1.1d Input encoding file
) (/usr/share/texmf-dist/tex/generic/pdftex/glyphtounicode.tex) (/usr/share/texmf-dist/tex/latex/pdfx/glyphtounicode-cmr.tex) (/usr/share/texmf-dist/tex/latex/pdfx/glyphtounicode-ntx.tex) (/usr/share/texmf-dist/tex/latex/base/ifthen.sty
Package: ifthen 2020/11/24 v1.1c Standard LaTeX ifthen package (DPC)
) (/usr/share/texmf-dist/tex/latex/xmpincl/xmpincl.sty
Package: xmpincl 2021/09/22 v2.4 Include XMP data in pdflatex
) (/usr/share/texmf-dist/tex/latex/pdfx/8bit.def
File: 8bit.def 2008/03/30 v1.1d Input encoding file
)
Using XMP template file: pdfa.xmp
\xmpinclWrite=\write3
\xmpinclRead=\read2
\openout3 = `pdfa.xmpi'.

<<pdfa.xmpi>>) (/usr/share/texmf-dist/tex/latex/base/inputenc.sty
Package: inputenc 2021/02/14 v1.3d Input encoding file
) (/usr/share/texmf-dist/tex/latex/lm/lmodern.sty
Package: lmodern 2015/05/01 v1.6.1 Latin Modern Fonts
LaTeX Font Info:    Overwriting symbol font `operators' in version `normal'
(Font)                  OT1/cmr/m/n --> OT1/lmr/m/n on input line 22.
LaTeX Font Info:    Overwriting symbol font `letters' in version `normal'
(Font)                  OML/cmm/m/it --> OML/lmm/m/it on input line 23.
LaTeX Font Info:    Overwriting symbol font `symbols' in version `normal'
(Font)                  OMS/cmsy/m/n --> OMS/lmsy/m/n on input line 24.
LaTeX Font Info:    Overwriting symbol font `largesymbols' in version `normal'
(Font)                  OMX/cmex/m/n --> OMX/lmex/m/n on input line 25.
LaTeX Font Info:    Overwriting symbol font `operators' in version `bold'
(Font)                  OT1/cmr/bx/n --> OT1/lmr/bx/n on input line 26.
LaTeX Font Info:    Overwriting symbol font `letters' in version `bold'
(Font)                  OML/cmm/b/it --> OML/lmm/b/it on input line 27.
LaTeX Font Info:    Overwriting symbol font `symbols' in version `bold'
(Font)                  OMS/cmsy/b/n --> OMS/lmsy/b/n on input line 28.
LaTeX Font Info:    Overwriting symbol font `largesymbols' in version `bold'
(Font)                  OMX/cmex/m/n --> OMX/lmex/m/n on input line 29.
LaTeX Font Info:    Overwriting math alphabet `\mathbf' in version `normal'
(Font)                  OT1/cmr/bx/n --> OT1/lmr/bx/n on input line 31.
LaTeX Font Info:    Overwriting math alphabet `\mathsf' in version `normal'
(Font)                  OT1/cmss/m/n --> OT1/lmss/m/n on input line 32.
LaTeX Font Info:    Overwriting math alphabet `\mathit' in version `normal'
(Font)                  OT1/cmr/m/it --> OT1/lmr/m/it on input line 33.
LaTeX Font Info:    Overwriting math alphabet `\mathtt' in version `normal'
(Font)                  OT1/cmtt/m/n --> OT1/lmtt/m/n on input line 34.
LaTeX Font Info:    Overwriting math alphabet `\mathbf' in version `bold'
(Font)                  OT1/cmr/bx/n --> OT1/lmr/bx/n on input line 35.
LaTeX Font Info:    Overwriting math alphabet `\mathsf' in version `bold'
(Font)                  OT1/cmss/bx/n --> OT1/lmss/bx/n on input line 36.
LaTeX Font Info:    Overwriting math alphabet `\mathit' in version `bold'
(Font)                  OT1/cmr/bx/it --> OT1/lmr/bx/it on input line 37.
LaTeX Font Info:    Overwriting math alphabet `\mathtt' in version `bold'
(Font)                  OT1/cmtt/m/n --> OT1/lmtt/m/n on input line 38.
) (/usr/share/texmf-dist/tex/latex/amsmath/amsmath.sty
Package: amsmath 2021/10/15 v2.17l AMS math features
\@mathmargin=\skip50

For additional information on amsmath, use the `?' option.
(/usr/share/texmf-dist/tex/latex/amsmath/amstext.sty
Package: amstext 2021/08/26 v2.01 AMS text
 (/usr/share/texmf-dist/tex/latex/amsmath/amsgen.sty
File: amsgen.sty 1999/11/30 v2.0 generic functions
\@emptytoks=\toks21
\ex@=\dimen143
)) (/usr/share/texmf-dist/tex/latex/amsmath/amsbsy.sty
Package: amsbsy 1999/11/29 v1.2d Bold Symbols
\pmbraise@=\dimen144
) (/usr/share/texmf-dist/tex/latex/amsmath/amsopn.sty
Package: amsopn 2021/08/26 v2.02 operator names
)
\inf@bad=\count269
LaTeX Info: Redefining \frac on input line 234.
\uproot@=\count270
\leftroot@=\count271
LaTeX Info: Redefining \overline on input line 399.
\classnum@=\count272
\DOTSCASE@=\count273
LaTeX Info: Redefining \ldots on input line 496.
LaTeX Info: Redefining \dots on input line 499.
LaTeX Info: Redefining \cdots on input line 620.
\Mathstrutbox@=\box50
\strutbox@=\box51
\big@size=\dimen145
LaTeX Font Info:    Redeclaring font encoding OML on input line 743.
LaTeX Font Info:    Redeclaring font encoding OMS on input line 744.
\macc@depth=\count274
\c@MaxMatrixCols=\count275
\dotsspace@=\muskip17
\c@parentequation=\count276
\dspbrk@lvl=\count277
\tag@help=\toks22
\row@=\count278
\column@=\count279
\maxfields@=\count280
\andhelp@=\toks23
\eqnshift@=\dimen146
\alignsep@=\dimen147
\tagshift@=\dimen148
\tagwidth@=\dimen149
\totwidth@=\dimen150
\lineht@=\dimen151
\@envbody=\toks24
\multlinegap=\skip51
\multlinetaggap=\skip52
\mathdisplay@stack=\toks25
LaTeX Info: Redefining \[ on input line 2938.
LaTeX Info: Redefining \] on input line 2939.
) (/usr/share/texmf-dist/tex/latex/amsfonts/amsfonts.sty
Package: amsfonts 2013/01/14 v3.01 Basic AMSFonts support
\symAMSa=\mathgroup4
\symAMSb=\mathgroup5
LaTeX Font Info:    Redeclaring math symbol \hbar on input line 98.
LaTeX Font Info:    Overwriting math alphabet `\mathfrak' in version `bold'
(Font)                  U/euf/m/n --> U/euf/b/n on input line 106.
) (/usr/share/texmf-dist/tex/latex/amscls/amsthm.sty
Package: amsthm 2020/05/29 v2.20.6
\thm@style=\toks26
\thm@bodyfont=\toks27
\thm@headfont=\toks28
\thm@notefont=\toks29
\thm@headpunct=\toks30
\thm@preskip=\skip53
\thm@postskip=\skip54
\thm@headsep=\skip55
\dth@everypar=\toks31
) (/usr/share/texmf-dist/tex/latex/bbding/bbding.sty
Package: bbding 1999/04/15 v1.01 Dingbats symbols
) (/usr/share/texmf-dist/tex/latex/tools/bm.sty
Package: bm 2021/04/25 v1.2e Bold Symbol Support (DPC/FMi)
\symboldoperators=\mathgroup6
\symboldletters=\mathgroup7
\symboldsymbols=\mathgroup8
Package bm Info: No bold for \OMX/lmex/m/n, using \pmb.
Package bm Info: No bold for \U/msa/m/n, using \pmb.
Package bm Info: No bold for \U/msb/m/n, using \pmb.
LaTeX Font Info:    Redeclaring math alphabet \mathbf on input line 149.
) (/usr/share/texmf-dist/tex/latex/graphics/graphicx.sty
Package: graphicx 2021/09/16 v1.2d Enhanced LaTeX Graphics (DPC,SPQR)
 (/usr/share/texmf-dist/tex/latex/graphics/graphics.sty
Package: graphics 2021/03/04 v1.4d Standard LaTeX Graphics (DPC,SPQR)
 (/usr/share/texmf-dist/tex/latex/graphics/trig.sty
Package: trig 2021/08/11 v1.11 sin cos tan (DPC)
) (/usr/share/texmf-dist/tex/latex/graphics-cfg/graphics.cfg
File: graphics.cfg 2016/06/04 v1.11 sample graphics configuration
)
Package graphics Info: Driver file: pdftex.def on input line 107.
)
\Gin@req@height=\dimen152
\Gin@req@width=\dimen153
) (/usr/share/texmf-dist/tex/latex/fancyvrb/fancyvrb.sty
Package: fancyvrb 2021/12/21 4.1b verbatim text (tvz,hv)
\FV@CodeLineNo=\count281
\FV@InFile=\read3
\FV@TabBox=\box52
\c@FancyVerbLine=\count282
\FV@StepNumber=\count283
\FV@OutFile=\write4
) (/usr/share/texmf-dist/tex/latex/natbib/natbib.sty
Package: natbib 2010/09/13 8.31b (PWD, AO)
\bibhang=\skip56
\bibsep=\skip57
LaTeX Info: Redefining \cite on input line 694.
\c@NAT@ctr=\count284
) (/usr/share/texmf-dist/tex/latex/tocbibind/tocbibind.sty
Package: tocbibind 2010/10/13 v1.5k extra ToC listings
Package tocbibind Info: The document has chapter divisions on input line 50.


Package tocbibind Note: Using chapter style headings, unless overridden.

) (/usr/share/texmf-dist/tex/latex/tools/dcolumn.sty
Package: dcolumn 2014/10/28 v1.06 decimal alignment package (DPC)
 (/usr/share/texmf-dist/tex/latex/tools/array.sty
Package: array 2021/10/04 v2.5f Tabular extension package (FMi)
\col@sep=\dimen154
\ar@mcellbox=\box53
\extrarowheight=\dimen155
\NC@list=\toks32
\extratabsurround=\skip58
\backup@length=\skip59
\ar@cellbox=\box54
)) (/usr/share/texmf-dist/tex/latex/booktabs/booktabs.sty
Package: booktabs 2020/01/12 v1.61803398 Publication quality tables
\heavyrulewidth=\dimen156
\lightrulewidth=\dimen157
\cmidrulewidth=\dimen158
\belowrulesep=\dimen159
\belowbottomsep=\dimen160
\aboverulesep=\dimen161
\abovetopsep=\dimen162
\cmidrulesep=\dimen163
\cmidrulekern=\dimen164
\defaultaddspace=\dimen165
\@cmidla=\count285
\@cmidlb=\count286
\@aboverulesep=\dimen166
\@belowrulesep=\dimen167
\@thisruleclass=\count287
\@lastruleclass=\count288
\@thisrulewidth=\dimen168
) (/usr/share/texmf-dist/tex/latex/paralist/paralist.sty
Package: paralist 2017/01/22 v2.7 Extended list environments
\pltopsep=\skip60
\plpartopsep=\skip61
\plitemsep=\skip62
\plparsep=\skip63
\pl@lab=\toks33
) (/usr/share/texmf-dist/tex/latex/doublestroke/dsfont.sty
Package: dsfont 1995/08/01 v0.1 Double stroke roman fonts
) (/usr/share/texmf-dist/tex/latex/braket/braket.sty) (/usr/share/texmf-dist/tex/latex/pgf/frontendlayer/tikz.sty (/usr/share/texmf-dist/tex/latex/pgf/basiclayer/pgf.sty (/usr/share/texmf-dist/tex/latex/pgf/utilities/pgfrcs.sty (/usr/share/texmf-dist/tex/generic/pgf/utilities/pgfutil-common.tex
\pgfutil@everybye=\toks34
\pgfutil@tempdima=\dimen169
\pgfutil@tempdimb=\dimen170
 (/usr/share/texmf-dist/tex/generic/pgf/utilities/pgfutil-common-lists.tex)) (/usr/share/texmf-dist/tex/generic/pgf/utilities/pgfutil-latex.def
\pgfutil@abb=\box55
) (/usr/share/texmf-dist/tex/generic/pgf/utilities/pgfrcs.code.tex (/usr/share/texmf-dist/tex/generic/pgf/pgf.revision.tex)
Package: pgfrcs 2021/05/15 v3.1.9a (3.1.9a)
))
Package: pgf 2021/05/15 v3.1.9a (3.1.9a)
 (/usr/share/texmf-dist/tex/latex/pgf/basiclayer/pgfcore.sty (/usr/share/texmf-dist/tex/latex/pgf/systemlayer/pgfsys.sty (/usr/share/texmf-dist/tex/generic/pgf/systemlayer/pgfsys.code.tex
Package: pgfsys 2021/05/15 v3.1.9a (3.1.9a)
 (/usr/share/texmf-dist/tex/generic/pgf/utilities/pgfkeys.code.tex
\pgfkeys@pathtoks=\toks35
\pgfkeys@temptoks=\toks36
 (/usr/share/texmf-dist/tex/generic/pgf/utilities/pgfkeysfiltered.code.tex
\pgfkeys@tmptoks=\toks37
))
\pgf@x=\dimen171
\pgf@y=\dimen172
\pgf@xa=\dimen173
\pgf@ya=\dimen174
\pgf@xb=\dimen175
\pgf@yb=\dimen176
\pgf@xc=\dimen177
\pgf@yc=\dimen178
\pgf@xd=\dimen179
\pgf@yd=\dimen180
\w@pgf@writea=\write5
\r@pgf@reada=\read4
\c@pgf@counta=\count289
\c@pgf@countb=\count290
\c@pgf@countc=\count291
\c@pgf@countd=\count292
\t@pgf@toka=\toks38
\t@pgf@tokb=\toks39
\t@pgf@tokc=\toks40
\pgf@sys@id@count=\count293
 (/usr/share/texmf-dist/tex/generic/pgf/systemlayer/pgf.cfg
File: pgf.cfg 2021/05/15 v3.1.9a (3.1.9a)
)
Driver file for pgf: pgfsys-pdftex.def
 (/usr/share/texmf-dist/tex/generic/pgf/systemlayer/pgfsys-pdftex.def
File: pgfsys-pdftex.def 2021/05/15 v3.1.9a (3.1.9a)
 (/usr/share/texmf-dist/tex/generic/pgf/systemlayer/pgfsys-common-pdf.def
File: pgfsys-common-pdf.def 2021/05/15 v3.1.9a (3.1.9a)
))) (/usr/share/texmf-dist/tex/generic/pgf/systemlayer/pgfsyssoftpath.code.tex
File: pgfsyssoftpath.code.tex 2021/05/15 v3.1.9a (3.1.9a)
\pgfsyssoftpath@smallbuffer@items=\count294
\pgfsyssoftpath@bigbuffer@items=\count295
) (/usr/share/texmf-dist/tex/generic/pgf/systemlayer/pgfsysprotocol.code.tex
File: pgfsysprotocol.code.tex 2021/05/15 v3.1.9a (3.1.9a)
)) (/usr/share/texmf-dist/tex/generic/pgf/basiclayer/pgfcore.code.tex
Package: pgfcore 2021/05/15 v3.1.9a (3.1.9a)
 (/usr/share/texmf-dist/tex/generic/pgf/math/pgfmath.code.tex (/usr/share/texmf-dist/tex/generic/pgf/math/pgfmathcalc.code.tex (/usr/share/texmf-dist/tex/generic/pgf/math/pgfmathutil.code.tex) (/usr/share/texmf-dist/tex/generic/pgf/math/pgfmathparser.code.tex
\pgfmath@dimen=\dimen181
\pgfmath@count=\count296
\pgfmath@box=\box56
\pgfmath@toks=\toks41
\pgfmath@stack@operand=\toks42
\pgfmath@stack@operation=\toks43
) (/usr/share/texmf-dist/tex/generic/pgf/math/pgfmathfunctions.code.tex (/usr/share/texmf-dist/tex/generic/pgf/math/pgfmathfunctions.basic.code.tex) (/usr/share/texmf-dist/tex/generic/pgf/math/pgfmathfunctions.trigonometric.code.tex) (/usr/share/texmf-dist/tex/generic/pgf/math/pgfmathfunctions.random.code.tex) (/usr/share/texmf-dist/tex/generic/pgf/math/pgfmathfunctions.comparison.code.tex) (/usr/share/texmf-dist/tex/generic/pgf/math/pgfmathfunctions.base.code.tex) (/usr/share/texmf-dist/tex/generic/pgf/math/pgfmathfunctions.round.code.tex) (/usr/share/texmf-dist/tex/generic/pgf/math/pgfmathfunctions.misc.code.tex) (/usr/share/texmf-dist/tex/generic/pgf/math/pgfmathfunctions.integerarithmetics.code.tex))) (/usr/share/texmf-dist/tex/generic/pgf/math/pgfmathfloat.code.tex
\c@pgfmathroundto@lastzeros=\count297
)) (/usr/share/texmf-dist/tex/generic/pgf/math/pgfint.code.tex) (/usr/share/texmf-dist/tex/generic/pgf/basiclayer/pgfcorepoints.code.tex
File: pgfcorepoints.code.tex 2021/05/15 v3.1.9a (3.1.9a)
\pgf@picminx=\dimen182
\pgf@picmaxx=\dimen183
\pgf@picminy=\dimen184
\pgf@picmaxy=\dimen185
\pgf@pathminx=\dimen186
\pgf@pathmaxx=\dimen187
\pgf@pathminy=\dimen188
\pgf@pathmaxy=\dimen189
\pgf@xx=\dimen190
\pgf@xy=\dimen191
\pgf@yx=\dimen192
\pgf@yy=\dimen193
\pgf@zx=\dimen194
\pgf@zy=\dimen195
) (/usr/share/texmf-dist/tex/generic/pgf/basiclayer/pgfcorepathconstruct.code.tex
File: pgfcorepathconstruct.code.tex 2021/05/15 v3.1.9a (3.1.9a)
\pgf@path@lastx=\dimen196
\pgf@path@lasty=\dimen197
) (/usr/share/texmf-dist/tex/generic/pgf/basiclayer/pgfcorepathusage.code.tex
File: pgfcorepathusage.code.tex 2021/05/15 v3.1.9a (3.1.9a)
\pgf@shorten@end@additional=\dimen198
\pgf@shorten@start@additional=\dimen199
) (/usr/share/texmf-dist/tex/generic/pgf/basiclayer/pgfcorescopes.code.tex
File: pgfcorescopes.code.tex 2021/05/15 v3.1.9a (3.1.9a)
\pgfpic=\box57
\pgf@hbox=\box58
\pgf@layerbox@main=\box59
\pgf@picture@serial@count=\count298
) (/usr/share/texmf-dist/tex/generic/pgf/basiclayer/pgfcoregraphicstate.code.tex
File: pgfcoregraphicstate.code.tex 2021/05/15 v3.1.9a (3.1.9a)
\pgflinewidth=\dimen256
) (/usr/share/texmf-dist/tex/generic/pgf/basiclayer/pgfcoretransformations.code.tex
File: pgfcoretransformations.code.tex 2021/05/15 v3.1.9a (3.1.9a)
\pgf@pt@x=\dimen257
\pgf@pt@y=\dimen258
\pgf@pt@temp=\dimen259
) (/usr/share/texmf-dist/tex/generic/pgf/basiclayer/pgfcorequick.code.tex
File: pgfcorequick.code.tex 2021/05/15 v3.1.9a (3.1.9a)
) (/usr/share/texmf-dist/tex/generic/pgf/basiclayer/pgfcoreobjects.code.tex
File: pgfcoreobjects.code.tex 2021/05/15 v3.1.9a (3.1.9a)
) (/usr/share/texmf-dist/tex/generic/pgf/basiclayer/pgfcorepathprocessing.code.tex
File: pgfcorepathprocessing.code.tex 2021/05/15 v3.1.9a (3.1.9a)
) (/usr/share/texmf-dist/tex/generic/pgf/basiclayer/pgfcorearrows.code.tex
File: pgfcorearrows.code.tex 2021/05/15 v3.1.9a (3.1.9a)
\pgfarrowsep=\dimen260
) (/usr/share/texmf-dist/tex/generic/pgf/basiclayer/pgfcoreshade.code.tex
File: pgfcoreshade.code.tex 2021/05/15 v3.1.9a (3.1.9a)
\pgf@max=\dimen261
\pgf@sys@shading@range@num=\count299
\pgf@shadingcount=\count300
) (/usr/share/texmf-dist/tex/generic/pgf/basiclayer/pgfcoreimage.code.tex
File: pgfcoreimage.code.tex 2021/05/15 v3.1.9a (3.1.9a)
 (/usr/share/texmf-dist/tex/generic/pgf/basiclayer/pgfcoreexternal.code.tex
File: pgfcoreexternal.code.tex 2021/05/15 v3.1.9a (3.1.9a)
\pgfexternal@startupbox=\box60
)) (/usr/share/texmf-dist/tex/generic/pgf/basiclayer/pgfcorelayers.code.tex
File: pgfcorelayers.code.tex 2021/05/15 v3.1.9a (3.1.9a)
) (/usr/share/texmf-dist/tex/generic/pgf/basiclayer/pgfcoretransparency.code.tex
File: pgfcoretransparency.code.tex 2021/05/15 v3.1.9a (3.1.9a)
) (/usr/share/texmf-dist/tex/generic/pgf/basiclayer/pgfcorepatterns.code.tex
File: pgfcorepatterns.code.tex 2021/05/15 v3.1.9a (3.1.9a)
) (/usr/share/texmf-dist/tex/generic/pgf/basiclayer/pgfcorerdf.code.tex
File: pgfcorerdf.code.tex 2021/05/15 v3.1.9a (3.1.9a)
))) (/usr/share/texmf-dist/tex/generic/pgf/modules/pgfmoduleshapes.code.tex
File: pgfmoduleshapes.code.tex 2021/05/15 v3.1.9a (3.1.9a)
\pgfnodeparttextbox=\box61
) (/usr/share/texmf-dist/tex/generic/pgf/modules/pgfmoduleplot.code.tex
File: pgfmoduleplot.code.tex 2021/05/15 v3.1.9a (3.1.9a)
) (/usr/share/texmf-dist/tex/latex/pgf/compatibility/pgfcomp-version-0-65.sty
Package: pgfcomp-version-0-65 2021/05/15 v3.1.9a (3.1.9a)
\pgf@nodesepstart=\dimen262
\pgf@nodesepend=\dimen263
) (/usr/share/texmf-dist/tex/latex/pgf/compatibility/pgfcomp-version-1-18.sty
Package: pgfcomp-version-1-18 2021/05/15 v3.1.9a (3.1.9a)
)) (/usr/share/texmf-dist/tex/latex/pgf/utilities/pgffor.sty (/usr/share/texmf-dist/tex/latex/pgf/utilities/pgfkeys.sty (/usr/share/texmf-dist/tex/generic/pgf/utilities/pgfkeys.code.tex)) (/usr/share/texmf-dist/tex/latex/pgf/math/pgfmath.sty (/usr/share/texmf-dist/tex/generic/pgf/math/pgfmath.code.tex)) (/usr/share/texmf-dist/tex/generic/pgf/utilities/pgffor.code.tex
Package: pgffor 2021/05/15 v3.1.9a (3.1.9a)
 (/usr/share/texmf-dist/tex/generic/pgf/math/pgfmath.code.tex)
\pgffor@iter=\dimen264
\pgffor@skip=\dimen265
\pgffor@stack=\toks44
\pgffor@toks=\toks45
)) (/usr/share/texmf-dist/tex/generic/pgf/frontendlayer/tikz/tikz.code.tex
Package: tikz 2021/05/15 v3.1.9a (3.1.9a)
 (/usr/share/texmf-dist/tex/generic/pgf/libraries/pgflibraryplothandlers.code.tex
File: pgflibraryplothandlers.code.tex 2021/05/15 v3.1.9a (3.1.9a)
\pgf@plot@mark@count=\count301
\pgfplotmarksize=\dimen266
)
\tikz@lastx=\dimen267
\tikz@lasty=\dimen268
\tikz@lastxsaved=\dimen269
\tikz@lastysaved=\dimen270
\tikz@lastmovetox=\dimen271
\tikz@lastmovetoy=\dimen272
\tikzleveldistance=\dimen273
\tikzsiblingdistance=\dimen274
\tikz@figbox=\box62
\tikz@figbox@bg=\box63
\tikz@tempbox=\box64
\tikz@tempbox@bg=\box65
\tikztreelevel=\count302
\tikznumberofchildren=\count303
\tikznumberofcurrentchild=\count304
\tikz@fig@count=\count305
 (/usr/share/texmf-dist/tex/generic/pgf/modules/pgfmodulematrix.code.tex
File: pgfmodulematrix.code.tex 2021/05/15 v3.1.9a (3.1.9a)
\pgfmatrixcurrentrow=\count306
\pgfmatrixcurrentcolumn=\count307
\pgf@matrix@numberofcolumns=\count308
)
\tikz@expandcount=\count309
 (/usr/share/texmf-dist/tex/generic/pgf/frontendlayer/tikz/libraries/tikzlibrarytopaths.code.tex
File: tikzlibrarytopaths.code.tex 2021/05/15 v3.1.9a (3.1.9a)
))) (/usr/share/texmf-dist/tex/latex/float/float.sty
Package: float 2001/11/08 v1.3d Float enhancements (AL)
\c@float@type=\count310
\float@exts=\toks46
\float@box=\box66
\@float@everytoks=\toks47
\@floatcapt=\box67
) (/usr/share/texmf-dist/tex/latex/mathtools/mathtools.sty
Package: mathtools 2021/04/12 v1.27 mathematical typesetting tools
 (/usr/share/texmf-dist/tex/latex/tools/calc.sty
Package: calc 2017/05/25 v4.3 Infix arithmetic (KKT,FJ)
\calc@Acount=\count311
\calc@Bcount=\count312
\calc@Adimen=\dimen275
\calc@Bdimen=\dimen276
\calc@Askip=\skip64
\calc@Bskip=\skip65
LaTeX Info: Redefining \setlength on input line 80.
LaTeX Info: Redefining \addtolength on input line 81.
\calc@Ccount=\count313
\calc@Cskip=\skip66
) (/usr/share/texmf-dist/tex/latex/mathtools/mhsetup.sty
Package: mhsetup 2021/03/18 v1.4 programming setup (MH)
)
LaTeX Info: Thecontrolsequence`\('isalreadyrobust on input line 130.
LaTeX Info: Thecontrolsequence`\)'isalreadyrobust on input line 130.
LaTeX Info: Thecontrolsequence`\['isalreadyrobust on input line 130.
LaTeX Info: Thecontrolsequence`\]'isalreadyrobust on input line 130.
\g_MT_multlinerow_int=\count314
\l_MT_multwidth_dim=\dimen277
\origjot=\skip67
\l_MT_shortvdotswithinadjustabove_dim=\dimen278
\l_MT_shortvdotswithinadjustbelow_dim=\dimen279
\l_MT_above_intertext_sep=\dimen280
\l_MT_below_intertext_sep=\dimen281
\l_MT_above_shortintertext_sep=\dimen282
\l_MT_below_shortintertext_sep=\dimen283
\xmathstrut@box=\box68
\xmathstrut@dim=\dimen284
) (/usr/share/texmf-dist/tex/latex/caption/subcaption.sty
Package: subcaption 2020/10/07 v1.3j Sub-captions (AR)
 (/usr/share/texmf-dist/tex/latex/caption/caption.sty
Package: caption 2020/10/26 v3.5g Customizing captions (AR)
 (/usr/share/texmf-dist/tex/latex/caption/caption3.sty
Package: caption3 2020/10/21 v2.2e caption3 kernel (AR)
\captionmargin=\dimen285
\captionmargin@=\dimen286
\captionwidth=\dimen287
\caption@tempdima=\dimen288
\caption@indent=\dimen289
\caption@parindent=\dimen290
\caption@hangindent=\dimen291
Package caption Info: Standard document class detected.
)
\c@caption@flags=\count315
\c@continuedfloat=\count316
Package caption Info: float package is loaded.
Package caption Info: hyperref package is loaded.
)
\c@subfigure=\count317
\c@subtable=\count318
) (/usr/share/texmf-dist/tex/latex/bbm-macros/bbm.sty
Package: bbm 1999/03/15 V 1.2 provides fonts for set symbols - TH
LaTeX Font Info:    Overwriting math alphabet `\mathbbm' in version `bold'
(Font)                  U/bbm/m/n --> U/bbm/bx/n on input line 33.
LaTeX Font Info:    Overwriting math alphabet `\mathbbmss' in version `bold'
(Font)                  U/bbmss/m/n --> U/bbmss/bx/n on input line 35.
)
Package hyperref Info: Option `unicode' set `true' on input line 137.
Package hyperref Info: Option `breaklinks' set `true' on input line 138.


LaTeX Warning: \include should only be used after \begin{document} on input line 141.

(./macros.tex
\c@thm=\count319
\c@hypot=\count320
\c@definition=\count321
\c@defn=\count322
\c@conjecture=\count323
)
LaTeX Font Info:    Trying to load font information for OT1+lmr on input line 144.
 (/usr/share/texmf-dist/tex/latex/lm/ot1lmr.fd
File: ot1lmr.fd 2015/05/01 v1.6.1 Font defs for Latin Modern
) (/usr/share/texmf-dist/tex/latex/l3backend/l3backend-pdftex.def
File: l3backend-pdftex.def 2021-12-14 L3 backend support: PDF output (pdfTeX)
\l__color_backend_stack_int=\count324
\l__pdf_internal_box=\box69
) (./thesis.aux (./title.aux) (./notation.aux) (./preface.aux) (./chap01_intro.aux) (./chap02_geomQM.aux) (./chap03_driving.aux) (./chap04_groundManifold.aux

LaTeX Warning: Label `eq:distanceOnM0' multiply defined.

) (./chap05_spin.aux) (./chap06_twoLevel.aux

LaTeX Warning: Label `fig:driving' multiply defined.

) (./chap07_lipkin.aux

LaTeX Warning: Label `fig:higherStateManifolds' multiply defined.

) (./epilog.aux) (./bibliography.aux) (./appendix1.aux))
\openout1 = `thesis.aux'.

LaTeX Font Info:    Checking defaults for OML/cmm/m/it on input line 144.
LaTeX Font Info:    ... okay on input line 144.
LaTeX Font Info:    Checking defaults for OMS/cmsy/m/n on input line 144.
LaTeX Font Info:    ... okay on input line 144.
LaTeX Font Info:    Checking defaults for OT1/cmr/m/n on input line 144.
LaTeX Font Info:    ... okay on input line 144.
LaTeX Font Info:    Checking defaults for T1/cmr/m/n on input line 144.
LaTeX Font Info:    ... okay on input line 144.
LaTeX Font Info:    Checking defaults for TS1/cmr/m/n on input line 144.
LaTeX Font Info:    ... okay on input line 144.
LaTeX Font Info:    Checking defaults for OMX/cmex/m/n on input line 144.
LaTeX Font Info:    ... okay on input line 144.
LaTeX Font Info:    Checking defaults for U/cmr/m/n on input line 144.
LaTeX Font Info:    ... okay on input line 144.
LaTeX Font Info:    Checking defaults for PD1/pdf/m/n on input line 144.
LaTeX Font Info:    ... okay on input line 144.
LaTeX Font Info:    Checking defaults for PU/pdf/m/n on input line 144.
LaTeX Font Info:    ... okay on input line 144.
 (/usr/share/texmf-dist/tex/context/base/mkii/supp-pdf.mkii
[Loading MPS to PDF converter (version 2006.09.02).]
\scratchcounter=\count325
\scratchdimen=\dimen292
\scratchbox=\box70
\nofMPsegments=\count326
\nofMParguments=\count327
\everyMPshowfont=\toks48
\MPscratchCnt=\count328
\MPscratchDim=\dimen293
\MPnumerator=\count329
\makeMPintoPDFobject=\count330
\everyMPtoPDFconversion=\toks49
) (/usr/share/texmf-dist/tex/latex/epstopdf-pkg/epstopdf-base.sty
Package: epstopdf-base 2020-01-24 v2.11 Base part for package epstopdf
Package epstopdf-base Info: Redefining graphics rule for `.eps' on input line 485.
 (/usr/share/texmf-dist/tex/latex/latexconfig/epstopdf-sys.cfg
File: epstopdf-sys.cfg 2010/07/13 v1.3 Configuration of (r)epstopdf for TeX Live
))
Package hyperref Info: Link coloring OFF on input line 144.
 (/usr/share/texmf-dist/tex/latex/hyperref/nameref.sty
Package: nameref 2021-04-02 v2.47 Cross-referencing by name of section
 (/usr/share/texmf-dist/tex/latex/refcount/refcount.sty
Package: refcount 2019/12/15 v3.6 Data extraction from label references (HO)
) (/usr/share/texmf-dist/tex/generic/gettitlestring/gettitlestring.sty
Package: gettitlestring 2019/12/15 v1.6 Cleanup title references (HO)
)
\c@section@level=\count331
)
LaTeX Info: Redefining \ref on input line 144.
LaTeX Info: Redefining \pageref on input line 144.
LaTeX Info: Redefining \nameref on input line 144.
 (./thesis.out) (./thesis.out)
\@outlinefile=\write6
\openout6 = `thesis.out'.

Package caption Info: Begin \AtBeginDocument code.
Package caption Info: End \AtBeginDocument code.
\openout2 = `title.aux'.

 (./title.tex
Package hyperref Info: Option `pageanchor' set `false' on input line 6.
<../img/logo-en.pdf, id=271, 506.4591pt x 156.49065pt>
File: ../img/logo-en.pdf Graphic file (type pdf)
<use ../img/logo-en.pdf>
Package pdftex.def Info: ../img/logo-en.pdf  used on input line 9.
(pdftex.def)             Requested size: 472.31573pt x 145.9455pt.
 [1


 <../img/logo-en.pdf>]
Package hyperref Info: Option `pageanchor' set `true' on input line 55.
 [1

]
Underfull \hbox (badness 10000) in paragraph at lines 86--93

 []


Underfull \hbox (badness 10000) in paragraph at lines 86--93

 []


Underfull \hbox (badness 10000) in paragraph at lines 86--93

 []


Underfull \hbox (badness 10000) in paragraph at lines 86--93

 []

[2

] [3

]) (./thesis.toc
LaTeX Font Info:    Trying to load font information for OML+lmm on input line 4.
 (/usr/share/texmf-dist/tex/latex/lm/omllmm.fd
File: omllmm.fd 2015/05/01 v1.6.1 Font defs for Latin Modern
)
LaTeX Font Info:    Trying to load font information for OMS+lmsy on input line 4.
 (/usr/share/texmf-dist/tex/latex/lm/omslmsy.fd
File: omslmsy.fd 2015/05/01 v1.6.1 Font defs for Latin Modern
)
LaTeX Font Info:    Trying to load font information for OMX+lmex on input line 4.
 (/usr/share/texmf-dist/tex/latex/lm/omxlmex.fd
File: omxlmex.fd 2015/05/01 v1.6.1 Font defs for Latin Modern
)
LaTeX Font Info:    External font `lmex10' loaded for size
(Font)              <12> on input line 4.
LaTeX Font Info:    External font `lmex10' loaded for size
(Font)              <8> on input line 4.
LaTeX Font Info:    External font `lmex10' loaded for size
(Font)              <6> on input line 4.
LaTeX Font Info:    Trying to load font information for U+msa on input line 4.
 (/usr/share/texmf-dist/tex/latex/amsfonts/umsa.fd
File: umsa.fd 2013/01/14 v3.01 AMS symbols A
)
LaTeX Font Info:    Trying to load font information for U+msb on input line 4.
 (/usr/share/texmf-dist/tex/latex/amsfonts/umsb.fd
File: umsb.fd 2013/01/14 v3.01 AMS symbols B
) [1




])
\tf@toc=\write7
\openout7 = `thesis.toc'.

 [2]
\openout2 = `notation.aux'.

 (./notation.tex) [3


]
\openout2 = `preface.aux'.

 (./preface.tex) [4




]
\openout2 = `chap01_intro.aux'.

 (./chap01_intro.tex
Chapter 1.
LaTeX Font Info:    External font `lmex10' loaded for size
(Font)              <10> on input line 28.
LaTeX Font Info:    External font `lmex10' loaded for size
(Font)              <7> on input line 28.
LaTeX Font Info:    External font `lmex10' loaded for size
(Font)              <5> on input line 28.
[5




]
LaTeX Font Info:    Trying to load font information for TS1+lmr on input line 47.
 (/usr/share/texmf-dist/tex/latex/lm/ts1lmr.fd
File: ts1lmr.fd 2015/05/01 v1.6.1 Font defs for Latin Modern
) [6] [7]
<../img/bundle.png, id=440, 557.08125pt x 214.8025pt>
File: ../img/bundle.png Graphic file (type png)
<use ../img/bundle.png>
Package pdftex.def Info: ../img/bundle.png  used on input line 171.
(pdftex.def)             Requested size: 206.28247pt x 79.53795pt.
 [8 <../img/bundle.png>] [9]
Overfull \hbox (1.89963pt too wide) in paragraph at lines 269--270
[]\OT1/lmr/m/n/12 Geodesic max-i-mal-ity is co-or-di-nate de-pen-dent no-tion, if the man-i-fold is geodesi-|
 []


Overfull \hbox (19.50557pt too wide) in paragraph at lines 274--276
[][]\OT1/lmr/bx/n/12 Theorem 2 \OT1/lmr/m/n/12 (Von Neu-man-n-Wigner)\OT1/lmr/bx/n/12 . []\OT1/lmr/m/it/12 (Von Neu-mann J, Wigner E. 1929. Physikalis-|
 []

[10]) [11]
\openout2 = `chap02_geomQM.aux'.

 (./chap02_geomQM.tex
Chapter 2.
LaTeX Font Info:    Trying to load font information for U+bbm on input line 13.
(/usr/share/texmf-dist/tex/latex/bbm-macros/ubbm.fd
File: ubbm.fd 1999/03/15 V 1.2 Font definition for bbm font - TH
)

Package natbib Warning: Citation `ashtekar_geometrical_1997' on page 12 undefined on input line 15.


Package natbib Warning: Citation `cheng_quantum_2013' on page 12 undefined on input line 30.

[12




] [13]) [14]
\openout2 = `chap03_driving.aux'.

 (./chap03_driving.tex
Chapter 3.
<../img/manifold_basic_1.png, id=548, 2008.50375pt x 820.06375pt>
File: ../img/manifold_basic_1.png Graphic file (type png)
<use ../img/manifold_basic_1.png>
Package pdftex.def Info: ../img/manifold_basic_1.png  used on input line 19.
(pdftex.def)             Requested size: 412.56496pt x 168.4395pt.
<../img/projectiveHilbertSpace.png, id=550, 1509.64pt x 763.85374pt>
File: ../img/projectiveHilbertSpace.png Graphic file (type png)
<use ../img/projectiveHilbertSpace.png>
Package pdftex.def Info: ../img/projectiveHilbertSpace.png  used on input line 33.
(pdftex.def)             Requested size: 330.05322pt x 166.99934pt.
[15




 <../img/manifold_basic_1.png (PNG copy)>]
Overfull \hbox (1.14816pt too wide) in paragraph at lines 53--55
\OT1/lmr/m/n/12 holds. For eigen-states of in-stan-ta-neous Hamil-to-nian it reads as en-ergy Schr^^?odinger|
 []

[16 <../img/projectiveHilbertSpace.png>]
<../img/manifold_full_1.png, id=569, 2495.3225pt x 1099.10625pt>
File: ../img/manifold_full_1.png Graphic file (type png)
<use ../img/manifold_full_1.png>
Package pdftex.def Info: ../img/manifold_full_1.png  used on input line 76.
(pdftex.def)             Requested size: 412.56496pt x 181.71367pt.
<../img/manifoldCutIntuition.png, id=571, 1676.2625pt x 994.71625pt>
File: ../img/manifoldCutIntuition.png Graphic file (type png)
<use ../img/manifoldCutIntuition.png>
Package pdftex.def Info: ../img/manifoldCutIntuition.png  used on input line 91.
(pdftex.def)             Requested size: 412.56496pt x 244.80803pt.


LaTeX Warning: `h' float specifier changed to `ht'.

[17 <../img/manifold_full_1.png (PNG copy)>]
<../img/parallelTransportClosedCurve_1.png, id=583, 2112.89375pt x 838.13126pt>
File: ../img/parallelTransportClosedCurve_1.png Graphic file (type png)
<use ../img/parallelTransportClosedCurve_1.png>
Package pdftex.def Info: ../img/parallelTransportClosedCurve_1.png  used on input line 117.
(pdftex.def)             Requested size: 330.05322pt x 130.91931pt.


LaTeX Warning: `h' float specifier changed to `ht'.

[18 <../img/manifoldCutIntuition.png>]
LaTeX Font Info:    External font `lmex10' loaded for size
(Font)              <14.4> on input line 148.


Package hyperref Warning: Token not allowed in a PDF string (Unicode):
(hyperref)                removing `math shift' on input line 148.


Package hyperref Warning: Token not allowed in a PDF string (Unicode):
(hyperref)                removing `math shift' on input line 148.

[19 <../img/parallelTransportClosedCurve_1.png (PNG copy)>] [20] [21] [22]

Package natbib Warning: Citation `Rigolin2008' on page 23 undefined on input line 399.

[23] [24] [25] [26] [27]
LaTeX Font Info:    Trying to load font information for U+dsrom on input line 609.
 (/usr/share/texmf-dist/tex/latex/doublestroke/Udsrom.fd
File: Udsrom.fd 1995/08/01 v0.1 Double stroke roman font definitions
) [28]
<../img/counterdiabaticPotential.png, id=767, 1395.2125pt x 468.75125pt>
File: ../img/counterdiabaticPotential.png Graphic file (type png)
<use ../img/counterdiabaticPotential.png>
Package pdftex.def Info: ../img/counterdiabaticPotential.png  used on input line 694.
(pdftex.def)             Requested size: 412.56496pt x 138.60944pt.


LaTeX Warning: `h' float specifier changed to `ht'.

[29]) [30 <../img/counterdiabaticPotential.png>]
\openout2 = `chap04_groundManifold.aux'.

 (./chap04_groundManifold.tex
Chapter 4.

Package natbib Warning: Citation `polkovnikov' on page 31 undefined on input line 2.


Overfull \hbox (11.44095pt too wide) in paragraph at lines 7--8
[]\OT1/lmr/m/n/12 Excitation am-pli-tude dur-ing in-finites-i-mal quench is $d\OML/lmm/m/it/12 s$\OT1/lmr/m/n/12 , there-fore $[][] ^^A\OML/lmm/m/it/12 s[]$ \OT1/lmr/m/n/12 summed|
 []

[31




]

Package hyperref Warning: Difference (2) between bookmark levels is greater 
(hyperref)                than one, level fixed on input line 62.


Package natbib Warning: Citation `Bukov2019' on page 32 undefined on input line 73.

[32] [33]
<../img/quenchFidelityFrom00.pdf, id=825, 305.14pt x 259.97125pt>
File: ../img/quenchFidelityFrom00.pdf Graphic file (type pdf)
<use ../img/quenchFidelityFrom00.pdf>
Package pdftex.def Info: ../img/quenchFidelityFrom00.pdf  used on input line 189.
(pdftex.def)             Requested size: 366.16614pt x 311.96393pt.
 [34]
<../img/equidistantPointsOnPath.pdf, id=837, 326.21875pt x 264.99pt>
File: ../img/equidistantPointsOnPath.pdf Graphic file (type pdf)
<use ../img/equidistantPointsOnPath.pdf>
Package pdftex.def Info: ../img/equidistantPointsOnPath.pdf  used on input line 196.
(pdftex.def)             Requested size: 391.46053pt x 317.9864pt.
<../img/bg123.pdf, id=838, 275.0275pt x 157.58875pt>
File: ../img/bg123.pdf Graphic file (type pdf)
<use ../img/bg123.pdf>
Package pdftex.def Info: ../img/bg123.pdf  used on input line 203.
(pdftex.def)             Requested size: 330.03134pt x 189.10553pt.
<../img/plotsFidelityQuenches.pdf, id=839, 528.97626pt x 499.8675pt>
File: ../img/plotsFidelityQuenches.pdf Graphic file (type pdf)
<use ../img/plotsFidelityQuenches.pdf>
Package pdftex.def Info: ../img/plotsFidelityQuenches.pdf  used on input line 204.
(pdftex.def)             Requested size: 317.3882pt x 299.9228pt.
 [35 <../img/quenchFidelityFrom00.pdf> <../img/equidistantPointsOnPath.pdf

pdfTeX warning: pdflatex (file ../img/equidistantPointsOnPath.pdf): PDF inclusion: multiple pdfs with page group included in a single page
>]) [36 <../img/bg123.pdf> <../img/plotsFidelityQuenches.pdf

pdfTeX warning: pdflatex (file ../img/plotsFidelityQuenches.pdf): PDF inclusion: multiple pdfs with page group included in a single page
>]
\openout2 = `chap05_spin.aux'.

 (./chap05_spin.tex
Chapter 5.
<../img/blochArbitraryTransport.pdf, id=900, 260.975pt x 282.05376pt>
File: ../img/blochArbitraryTransport.pdf Graphic file (type pdf)
<use ../img/blochArbitraryTransport.pdf>
Package pdftex.def Info: ../img/blochArbitraryTransport.pdf  used on input line 87.
(pdftex.def)             Requested size: 260.97437pt x 282.05305pt.

LaTeX Warning: `h' float specifier changed to `ht'.

[37




]
<../img/blochPiHalfTransport.pdf, id=917, 294.09875pt x 323.2075pt>
File: ../img/blochPiHalfTransport.pdf Graphic file (type pdf)
<use ../img/blochPiHalfTransport.pdf>
Package pdftex.def Info: ../img/blochPiHalfTransport.pdf  used on input line 107.
(pdftex.def)             Requested size: 294.09802pt x 323.20671pt.


LaTeX Warning: `h' float specifier changed to `ht'.

) [38 <../img/blochArbitraryTransport.pdf>] [39 <../img/blochPiHalfTransport.pdf>]
\openout2 = `chap06_twoLevel.aux'.

 (./chap06_twoLevel.tex
Chapter 6.
[40




]
Overfull \hbox (1.42975pt too wide) in paragraph at lines 131--133
\OT1/lmr/m/n/12 can be rewrit-ten in-sert-ing iden-tity $[][]$ around Hamil-to-nian. Omit-|
 []

[41]
<../img/driving.pdf, id=977, 221.82875pt x 190.7125pt>
File: ../img/driving.pdf Graphic file (type pdf)
<use ../img/driving.pdf>
Package pdftex.def Info: ../img/driving.pdf  used on input line 181.
(pdftex.def)             Requested size: 266.19315pt x 228.85384pt.
 [42] [43 <../img/driving.pdf>]
<../img/infidelityTimePlotGeod.pdf, id=1013, 325.215pt x 132.495pt>
File: ../img/infidelityTimePlotGeod.pdf Graphic file (type pdf)
<use ../img/infidelityTimePlotGeod.pdf>
Package pdftex.def Info: ../img/infidelityTimePlotGeod.pdf  used on input line 277.
(pdftex.def)             Requested size: 390.25604pt x 158.99318pt.
 [44]
<../img/infidelityTfPlot.pdf, id=1028, 325.215pt x 131.49126pt>
File: ../img/infidelityTfPlot.pdf Graphic file (type pdf)
<use ../img/infidelityTfPlot.pdf>
Package pdftex.def Info: ../img/infidelityTfPlot.pdf  used on input line 284.
(pdftex.def)             Requested size: 390.25604pt x 157.7887pt.
<../img/infidelityTfPlotLog.pdf, id=1029, 325.215pt x 128.48pt>
File: ../img/infidelityTfPlotLog.pdf Graphic file (type pdf)
<use ../img/infidelityTfPlotLog.pdf>
Package pdftex.def Info: ../img/infidelityTfPlotLog.pdf  used on input line 291.
(pdftex.def)             Requested size: 390.25604pt x 154.17522pt.
 [45 <../img/infidelityTimePlotGeod.pdf> <../img/infidelityTfPlot.pdf

pdfTeX warning: pdflatex (file ../img/infidelityTfPlot.pdf): PDF inclusion: multiple pdfs with page group included in a single page
> <../img/infidelityTfPlotLog.pdf

pdfTeX warning: pdflatex (file ../img/infidelityTfPlotLog.pdf): PDF inclusion: multiple pdfs with page group included in a single page
>]
<../img/fidelityZeros.pdf, id=1075, 325.215pt x 131.49126pt>
File: ../img/fidelityZeros.pdf Graphic file (type pdf)
<use ../img/fidelityZeros.pdf>
Package pdftex.def Info: ../img/fidelityZeros.pdf  used on input line 310.
(pdftex.def)             Requested size: 390.25604pt x 157.7887pt.
<../img/dens3.pdf, id=1077, 256.96pt x 205.76875pt>
File: ../img/dens3.pdf Graphic file (type pdf)
<use ../img/dens3.pdf>
Package pdftex.def Info: ../img/dens3.pdf  used on input line 320.
(pdftex.def)             Requested size: 308.35045pt x 246.92125pt.
 [46 <../img/fidelityZeros.pdf> <../img/dens3.pdf

pdfTeX warning: pdflatex (file ../img/dens3.pdf): PDF inclusion: multiple pdfs with page group included in a single page
>]
<../img/densVar.pdf, id=1112, 256.96pt x 205.76875pt>
File: ../img/densVar.pdf Graphic file (type pdf)
<use ../img/densVar.pdf>
Package pdftex.def Info: ../img/densVar.pdf  used on input line 339.
(pdftex.def)             Requested size: 308.35045pt x 246.92125pt.
 [47 <../img/densVar.pdf>]
<../img/drivingLin.pdf, id=1138, 217.81375pt x 190.7125pt>
File: ../img/drivingLin.pdf Graphic file (type pdf)
<use ../img/drivingLin.pdf>
Package pdftex.def Info: ../img/drivingLin.pdf  used on input line 354.
(pdftex.def)             Requested size: 261.37517pt x 228.85384pt.
 [48 <../img/drivingLin.pdf>]
<../img/infidelityInTimePlot1.pdf, id=1171, 376.40625pt x 130.4875pt>
File: ../img/infidelityInTimePlot1.pdf Graphic file (type pdf)
<use ../img/infidelityInTimePlot1.pdf>
Package pdftex.def Info: ../img/infidelityInTimePlot1.pdf  used on input line 382.
(pdftex.def)             Requested size: 446.03938pt x 154.62697pt.

Overfull \hbox (33.47443pt too wide) in paragraph at lines 382--383
 [][] |
 []

<../img/zeroState.pdf, id=1176, 333.245pt x 133.49875pt>
File: ../img/zeroState.pdf Graphic file (type pdf)
<use ../img/zeroState.pdf>
Package pdftex.def Info: ../img/zeroState.pdf  used on input line 392.
(pdftex.def)             Requested size: 399.89198pt x 160.19766pt.
[49 <../img/infidelityInTimePlot1.pdf>]
<../img/infidelityTfPlotLogLinCombined1.pdf, id=1195, 364.36125pt x 153.57375pt>
File: ../img/infidelityTfPlotLogLinCombined1.pdf Graphic file (type pdf)
<use ../img/infidelityTfPlotLogLinCombined1.pdf>
Package pdftex.def Info: ../img/infidelityTfPlotLogLinCombined1.pdf  used on input line 416.
(pdftex.def)             Requested size: 437.23131pt x 184.28757pt.

Overfull \hbox (24.66635pt too wide) in paragraph at lines 416--417
 [][] |
 []

[50 <../img/zeroState.pdf>]
<../img/infidCombined1.pdf, id=1215, 364.36125pt x 156.585pt>
File: ../img/infidCombined1.pdf Graphic file (type pdf)
<use ../img/infidCombined1.pdf>
Package pdftex.def Info: ../img/infidCombined1.pdf  used on input line 441.
(pdftex.def)             Requested size: 437.23131pt x 187.90105pt.

Overfull \hbox (24.66635pt too wide) in paragraph at lines 441--442
 [][] |
 []

[51 <../img/infidelityTfPlotLogLinCombined1.pdf>]
<../img/undercritical.pdf, id=1241, 333.245pt x 135.50626pt>
File: ../img/undercritical.pdf Graphic file (type pdf)
<use ../img/undercritical.pdf>
Package pdftex.def Info: ../img/undercritical.pdf  used on input line 451.
(pdftex.def)             Requested size: 399.89198pt x 162.60666pt.
<../img/overcritical.pdf, id=1242, 333.245pt x 135.50626pt>
File: ../img/overcritical.pdf Graphic file (type pdf)
<use ../img/overcritical.pdf>
Package pdftex.def Info: ../img/overcritical.pdf  used on input line 458.
(pdftex.def)             Requested size: 399.89198pt x 162.60666pt.
 [52 <../img/infidCombined1.pdf> <../img/undercritical.pdf

pdfTeX warning: pdflatex (file ../img/undercritical.pdf): PDF inclusion: multiple pdfs with page group included in a single page
>]
<../img/dens2.pdf, id=1272, 248.93pt x 205.76875pt>
File: ../img/dens2.pdf Graphic file (type pdf)
<use ../img/dens2.pdf>
Package pdftex.def Info: ../img/dens2.pdf  used on input line 485.
(pdftex.def)             Requested size: 298.7145pt x 246.92125pt.
 [53 <../img/overcritical.pdf>]
<../img/dens2Zoom.pdf, id=1291, 248.93pt x 205.76875pt>
File: ../img/dens2Zoom.pdf Graphic file (type pdf)
<use ../img/dens2Zoom.pdf>
Package pdftex.def Info: ../img/dens2Zoom.pdf  used on input line 492.
(pdftex.def)             Requested size: 298.7145pt x 246.92125pt.
<../img/allInOne.pdf, id=1292, 347.2975pt x 309.155pt>
File: ../img/allInOne.pdf Graphic file (type pdf)
<use ../img/allInOne.pdf>
Package pdftex.def Info: ../img/allInOne.pdf  used on input line 504.
(pdftex.def)             Requested size: 416.75491pt x 370.98413pt.

Overfull \hbox (4.18996pt too wide) in paragraph at lines 504--505
 [][] |
 []

[54 <../img/dens2.pdf> <../img/dens2Zoom.pdf

pdfTeX warning: pdflatex (file ../img/dens2Zoom.pdf): PDF inclusion: multiple pdfs with page group included in a single page
>] [55 <../img/allInOne.pdf>]
<../img/densVariance.pdf, id=1369, 274.02374pt x 205.76875pt>
File: ../img/densVariance.pdf Graphic file (type pdf)
<use ../img/densVariance.pdf>
Package pdftex.def Info: ../img/densVariance.pdf  used on input line 515.
(pdftex.def)             Requested size: 328.82684pt x 246.92125pt.
<../img/contVariance.pdf, id=1370, 243.91125pt x 205.76875pt>
File: ../img/contVariance.pdf Graphic file (type pdf)
<use ../img/contVariance.pdf>
Package pdftex.def Info: ../img/contVariance.pdf  used on input line 522.
(pdftex.def)             Requested size: 292.69202pt x 246.92125pt.
) [56 <../img/densVariance.pdf> <../img/contVariance.pdf

pdfTeX warning: pdflatex (file ../img/contVariance.pdf): PDF inclusion: multiple pdfs with page group included in a single page
>]
\openout2 = `chap07_lipkin.aux'.

 (./chap07_lipkin.tex
Chapter 7.

Package hyperref Warning: Token not allowed in a PDF string (Unicode):
(hyperref)                removing `math shift' on input line 59.


Package hyperref Warning: Token not allowed in a PDF string (Unicode):
(hyperref)                removing `math shift' on input line 59.

[57




]
<../img/N=3_energiesl.pdf, id=1421, 361.35pt x 249.93375pt>
File: ../img/N=3_energiesl.pdf Graphic file (type pdf)
<use ../img/N=3_energiesl.pdf>
Package pdftex.def Info: ../img/N=3_energiesl.pdf  used on input line 85.
(pdftex.def)             Requested size: 361.34912pt x 249.93314pt.
<../img/N=3_energiesc.pdf, id=1422, 361.35pt x 249.93375pt>
File: ../img/N=3_energiesc.pdf Graphic file (type pdf)
<use ../img/N=3_energiesc.pdf>
Package pdftex.def Info: ../img/N=3_energiesc.pdf  used on input line 91.
(pdftex.def)             Requested size: 361.34912pt x 249.93314pt.
 [58 <../img/N=3_energiesl.pdf>]
<../img/N=3_gComponents.pdf, id=1455, 289.08pt x 433.62pt>
File: ../img/N=3_gComponents.pdf Graphic file (type pdf)
<use ../img/N=3_gComponents.pdf>
Package pdftex.def Info: ../img/N=3_gComponents.pdf  used on input line 103.
(pdftex.def)             Requested size: 375.80394pt x 563.70595pt.
<../img/N=3_barA.pdf, id=1456, 312.16624pt x 42.1575pt>
File: ../img/N=3_barA.pdf Graphic file (type pdf)
<use ../img/N=3_barA.pdf>
Package pdftex.def Info: ../img/N=3_barA.pdf  used on input line 104.
(pdftex.def)             Requested size: 405.81607pt x 54.80472pt.
 [59 <../img/N=3_energiesc.pdf>]
<../img/N=3_gDivergence.pdf, id=1480, 245.91875pt x 190.7125pt>
File: ../img/N=3_gDivergence.pdf Graphic file (type pdf)
<use ../img/N=3_gDivergence.pdf>
Package pdftex.def Info: ../img/N=3_gDivergence.pdf  used on input line 112.
(pdftex.def)             Requested size: 319.69432pt x 247.92621pt.
 [60 <../img/N=3_gComponents.pdf> <../img/N=3_barA.pdf

pdfTeX warning: pdflatex (file ../img/N=3_barA.pdf): PDF inclusion: multiple pdfs with page group included in a single page
>]
<../img/N=3_gammas.pdf, id=1504, 333.245pt x 249.93375pt>
File: ../img/N=3_gammas.pdf Graphic file (type pdf)
<use ../img/N=3_gammas.pdf>
Package pdftex.def Info: ../img/N=3_gammas.pdf  used on input line 120.
(pdftex.def)             Requested size: 433.21843pt x 324.91383pt.
File: ../img/N=3_barA.pdf Graphic file (type pdf)
<use ../img/N=3_barA.pdf>
Package pdftex.def Info: ../img/N=3_barA.pdf  used on input line 121.
(pdftex.def)             Requested size: 405.81607pt x 54.80472pt.

Overfull \hbox (20.65347pt too wide) in paragraph at lines 120--122
 [][] |
 []

[61 <../img/N=3_gDivergence.pdf> <../img/N=3_gammas.pdf

pdfTeX warning: pdflatex (file ../img/N=3_gammas.pdf): PDF inclusion: multiple pdfs with page group included in a single page
>]
<../img/N=3_Ricci.pdf, id=1529, 378.41376pt x 323.2075pt>
File: ../img/N=3_Ricci.pdf Graphic file (type pdf)
<use ../img/N=3_Ricci.pdf>
Package pdftex.def Info: ../img/N=3_Ricci.pdf  used on input line 134.
(pdftex.def)             Requested size: 378.41283pt x 323.20671pt.
<../img/N=3_Ricci_section.pdf, id=1530, 311.1625pt x 200.75pt>
File: ../img/N=3_Ricci_section.pdf Graphic file (type pdf)
<use ../img/N=3_Ricci_section.pdf>
Package pdftex.def Info: ../img/N=3_Ricci_section.pdf  used on input line 142.
(pdftex.def)             Requested size: 280.04366pt x 180.67331pt.
 [62 <../img/N=3_Ricci.pdf>]
<../img/N=3_geodesics.pdf, id=1561, 311.1625pt x 308.15125pt>
File: ../img/N=3_geodesics.pdf Graphic file (type pdf)
<use ../img/N=3_geodesics.pdf>
Package pdftex.def Info: ../img/N=3_geodesics.pdf  used on input line 167.
(pdftex.def)             Requested size: 311.16174pt x 308.15048pt.
<../img/geodesicsinGR.png, id=1562, 903.375pt x 537.00626pt>
File: ../img/geodesicsinGR.png Graphic file (type png)
<use ../img/geodesicsinGR.png>
Package pdftex.def Info: ../img/geodesicsinGR.png  used on input line 173.
(pdftex.def)             Requested size: 247.54149pt x 147.14865pt.
 [63 <../img/N=3_Ricci_section.pdf>]

Package hyperref Warning: Token not allowed in a PDF string (Unicode):
(hyperref)                removing `math shift' on input line 189.


Package hyperref Warning: Token not allowed in a PDF string (Unicode):
(hyperref)                removing `math shift' on input line 189.

[64 <../img/N=3_geodesics.pdf> <../img/geodesicsinGR.png>]
<../img/singularitiesBetweenEnergiesN=6.pdf, id=1598, 325.215pt x 439.6425pt>
File: ../img/singularitiesBetweenEnergiesN=6.pdf Graphic file (type pdf)
<use ../img/singularitiesBetweenEnergiesN=6.pdf>
Package pdftex.def Info: ../img/singularitiesBetweenEnergiesN=6.pdf  used on input line 199.
(pdftex.def)             Requested size: 422.77945pt x 571.53517pt.
<../img/N=5_bar6.pdf, id=1599, 312.16624pt x 45.16875pt>
File: ../img/N=5_bar6.pdf Graphic file (type pdf)
<use ../img/N=5_bar6.pdf>
Package pdftex.def Info: ../img/N=5_bar6.pdf  used on input line 200.
(pdftex.def)             Requested size: 405.81607pt x 58.71935pt.

Overfull \hbox (10.2145pt too wide) in paragraph at lines 199--201
 [][] |
 []

[65]
<../img/N=5_det3D.pdf, id=1605, 305.14pt x 275.0275pt>
File: ../img/N=5_det3D.pdf Graphic file (type pdf)
<use ../img/N=5_det3D.pdf>
Package pdftex.def Info: ../img/N=5_det3D.pdf  used on input line 207.
(pdftex.def)             Requested size: 396.68193pt x 357.5357pt.
 [66 <../img/singularitiesBetweenEnergiesN=6.pdf> <../img/N=5_bar6.pdf

pdfTeX warning: pdflatex (file ../img/N=5_bar6.pdf): PDF inclusion: multiple pdfs with page group included in a single page
>]
<../img/N=5_geods00.pdf, id=1626, 334.24875pt x 264.99pt>
File: ../img/N=5_geods00.pdf Graphic file (type pdf)
<use ../img/N=5_geods00.pdf>
Package pdftex.def Info: ../img/N=5_geods00.pdf  used on input line 220.
(pdftex.def)             Requested size: 434.52332pt x 344.48695pt.

Overfull \hbox (21.95836pt too wide) in paragraph at lines 220--221
 [][] |
 []

[67 <../img/N=5_det3D.pdf>] [68 <../img/N=5_geods00.pdf>]
<../img/infiniteN_transitionCompare.pdf, id=1666, 361.35pt x 241.90375pt>
File: ../img/infiniteN_transitionCompare.pdf Graphic file (type pdf)
<use ../img/infiniteN_transitionCompare.pdf>
Package pdftex.def Info: ../img/infiniteN_transitionCompare.pdf  used on input line 261.
(pdftex.def)             Requested size: 361.34912pt x 241.90315pt.
<../img/N=10_energiesl.pdf, id=1669, 331.2375pt x 225.84375pt>
File: ../img/N=10_energiesl.pdf Graphic file (type pdf)
<use ../img/N=10_energiesl.pdf>
Package pdftex.def Info: ../img/N=10_energiesl.pdf  used on input line 283.
(pdftex.def)             Requested size: 331.23668pt x 225.84319pt.
<../img/N=10_energies2.pdf, id=1670, 321.2pt x 221.82875pt>
File: ../img/N=10_energies2.pdf Graphic file (type pdf)
<use ../img/N=10_energies2.pdf>
Package pdftex.def Info: ../img/N=10_energies2.pdf  used on input line 289.
(pdftex.def)             Requested size: 321.19922pt x 221.82819pt.
 [69 <../img/infiniteN_transitionCompare.pdf>] [70 <../img/N=10_energiesl.pdf> <../img/N=10_energies2.pdf

pdfTeX warning: pdflatex (file ../img/N=10_energies2.pdf): PDF inclusion: multiple pdfs with page group included in a single page
>]
<../img/singularitiesPlots.pdf, id=1728, 289.08pt x 464.73625pt>
File: ../img/singularitiesPlots.pdf Graphic file (type pdf)
<use ../img/singularitiesPlots.pdf>
Package pdftex.def Info: ../img/singularitiesPlots.pdf  used on input line 337.
(pdftex.def)             Requested size: 375.80394pt x 604.15704pt.
 [71]
<../img/N=5_metricDeterminants.pdf, id=1737, 376.40625pt x 498.86375pt>
File: ../img/N=5_metricDeterminants.pdf Graphic file (type pdf)
<use ../img/N=5_metricDeterminants.pdf>
Package pdftex.def Info: ../img/N=5_metricDeterminants.pdf  used on input line 356.
(pdftex.def)             Requested size: 451.68523pt x 598.63351pt.
File: ../img/N=3_barA.pdf Graphic file (type pdf)
<use ../img/N=3_barA.pdf>
Package pdftex.def Info: ../img/N=3_barA.pdf  used on input line 357.
(pdftex.def)             Requested size: 374.59761pt x 50.58871pt.

Overfull \hbox (39.12027pt too wide) in paragraph at lines 356--358
 [][] |
 []

[72 <../img/singularitiesPlots.pdf>] [73]
Overfull \vbox (24.84254pt too high) has occurred while \output is active []

 [74 <../img/N=5_metricDeterminants.pdf>]
<../img/fidelity_lineVSgeodesic.pdf, id=1763, 1156.32pt x 722.7pt>
File: ../img/fidelity_lineVSgeodesic.pdf Graphic file (type pdf)
<use ../img/fidelity_lineVSgeodesic.pdf>
Package pdftex.def Info: ../img/fidelity_lineVSgeodesic.pdf  used on input line 365.
(pdftex.def)             Requested size: 412.56496pt x 257.84499pt.
<../img/fidelity_geodesicVSline_fuckedupcolors.png, id=1764, 1034.86626pt x 721.69624pt>
File: ../img/fidelity_geodesicVSline_fuckedupcolors.png Graphic file (type png)
<use ../img/fidelity_geodesicVSline_fuckedupcolors.png>
Package pdftex.def Info: ../img/fidelity_geodesicVSline_fuckedupcolors.png  used on input line 366.
(pdftex.def)             Requested size: 330.05322pt x 230.17667pt.
) [75 <../img/fidelity_lineVSgeodesic.pdf> <../img/fidelity_geodesicVSline_fuckedupcolors.png>]
\openout2 = `epilog.aux'.

 (./epilog.tex) [76




]
\openout2 = `bibliography.aux'.

 (./bibliography.tex (./thesis.bbl
LaTeX Font Info:    Trying to load font information for OT1+lmtt on input line 13.
 (/usr/share/texmf-dist/tex/latex/lm/ot1lmtt.fd
File: ot1lmtt.fd 2015/05/01 v1.6.1 Font defs for Latin Modern
)
Underfull \hbox (badness 1546) in paragraph at lines 9--14
\OT1/lmr/m/it/12 R. Soc. Lond. A\OT1/lmr/m/n/12 , 392(1802):45--57, March 1984.  URL []$\OT1/lmtt/m/n/12 http : / / rspa .
 []


Underfull \hbox (badness 1178) in paragraph at lines 52--60
\OT1/lmr/m/it/12 Physics Re-ports\OT1/lmr/m/n/12 , 697:1--87, 2017.  ISSN 0370-1573.  doi: $https : / / doi .
 []

)) [77




] (./thesis.lof [78



]
Overfull \hbox (4.70306pt too wide) in paragraph at lines 42--42
 \OML/lmm/m/it/12 N \OT1/lmr/m/n/12 = 3$. First row from left: $[](^^@[])$, $[](^^@[])$, $[](^^@[])$. |
 []

[79])
\tf@lof=\write8
\openout8 = `thesis.lof'.

 [80]
\openout2 = `appendix1.aux'.

 (./appendix1.tex
Appendix A.
) [81


]
Appendix B.
[82



]

Package natbib Warning: There were undefined citations.


Package caption Warning: Unused \captionsetup[sub] on input line 63.
See the caption package documentation for explanation.

(./thesis.aux (./title.aux) (./notation.aux) (./preface.aux) (./chap01_intro.aux) (./chap02_geomQM.aux) (./chap03_driving.aux) (./chap04_groundManifold.aux) (./chap05_spin.aux) (./chap06_twoLevel.aux) (./chap07_lipkin.aux) (./epilog.aux) (./bibliography.aux) (./appendix1.aux))

LaTeX Warning: There were multiply-defined labels.

Package rerunfilecheck Info: File `thesis.out' has not changed.
(rerunfilecheck)             Checksum: F78E452D439F1B55789860F9FC105EB6;11241.
 ) 
Here is how much of TeX's memory you used:
 28474 strings out of 478353
 518559 string characters out of 5854635
 767785 words of memory out of 5000000
 45427 multiletter control sequences out of 15000+600000
 494115 words of font info for 111 fonts, out of 8000000 for 9000
 1141 hyphenation exceptions out of 8191
 84i,30n,80p,1522b,2377s stack positions out of 5000i,500n,10000p,200000b,80000s
{/usr/share/texmf-dist/fonts/enc/dvips/lm/lm-rmtt.enc}{/usr/share/texmf-dist/fonts/enc/dvips/lm/lm-rm.enc}{/usr/share/texmf-dist/fonts/enc/dvips/lm/lm-mathsy.enc}{/usr/share/texmf-dist/fonts/enc/dvips/lm/lm-mathit.enc} </home/strelda/.texlive/texmf-var/fonts/pk/ljfour/public/bbm/bbm12.600pk>{/usr/share/texmf-dist/fonts/enc/dvips/lm/lm-ts1.enc}{/usr/share/texmf-dist/fonts/enc/dvips/lm/lm-mathex.enc}</usr/share/texmf-dist/fonts/type1/public/doublestroke/dsrom8.pfb></usr/share/texmf-dist/fonts/type1/public/lm/lmbsy10.pfb></usr/share/texmf-dist/fonts/type1/public/lm/lmbx12.pfb></usr/share/texmf-dist/fonts/type1/public/lm/lmbx8.pfb></usr/share/texmf-dist/fonts/type1/public/lm/lmex10.pfb></usr/share/texmf-dist/fonts/type1/public/lm/lmmi10.pfb></usr/share/texmf-dist/fonts/type1/public/lm/lmmi12.pfb></usr/share/texmf-dist/fonts/type1/public/lm/lmmi6.pfb></usr/share/texmf-dist/fonts/type1/public/lm/lmmi7.pfb></usr/share/texmf-dist/fonts/type1/public/lm/lmmi8.pfb></usr/share/texmf-dist/fonts/type1/public/lm/lmmib10.pfb></usr/share/texmf-dist/fonts/type1/public/lm/lmmib7.pfb></usr/share/texmf-dist/fonts/type1/public/lm/lmr10.pfb></usr/share/texmf-dist/fonts/type1/public/lm/lmr12.pfb></usr/share/texmf-dist/fonts/type1/public/lm/lmr17.pfb></usr/share/texmf-dist/fonts/type1/public/lm/lmr6.pfb></usr/share/texmf-dist/fonts/type1/public/lm/lmr7.pfb></usr/share/texmf-dist/fonts/type1/public/lm/lmr8.pfb></usr/share/texmf-dist/fonts/type1/public/lm/lmri10.pfb></usr/share/texmf-dist/fonts/type1/public/lm/lmri12.pfb></usr/share/texmf-dist/fonts/type1/public/lm/lmsy10.pfb></usr/share/texmf-dist/fonts/type1/public/lm/lmsy6.pfb></usr/share/texmf-dist/fonts/type1/public/lm/lmsy7.pfb></usr/share/texmf-dist/fonts/type1/public/lm/lmsy8.pfb></usr/share/texmf-dist/fonts/type1/public/lm/lmtt12.pfb></usr/share/texmf-dist/fonts/type1/public/amsfonts/symbols/msam10.pfb></usr/share/texmf-dist/fonts/type1/public/amsfonts/symbols/msbm10.pfb></usr/share/texmf-dist/fonts/type1/public/amsfonts/symbols/msbm7.pfb>
Output written on thesis.pdf (86 pages, 42154201 bytes).
PDF statistics:
 2203 PDF objects out of 2487 (max. 8388607)
 1786 compressed objects within 18 object streams
 474 named destinations out of 1000 (max. 500000)
 815 words of extra memory for PDF output out of 10000 (max. 10000000)

